# Logfile created on 2023-02-23 15:04:40 +0100 by logger.rb/v1.4.2
I, [2023-02-23T15:04:40.796975 #67565]  INFO -- : Something happened
I, [2023-02-23T15:04:44.339609 #67565]  INFO -- : Something happened
I, [2023-02-23T15:04:44.339695 #67565]  INFO -- : Something happened
I, [2023-02-23T15:07:09.158970 #68045]  INFO -- : Something happened
I, [2023-02-23T15:07:12.686168 #68045]  INFO -- : Something happened to 
I, [2023-02-23T15:07:12.686252 #68045]  INFO -- : Something happened to 
I, [2023-02-23T15:09:30.360108 #68376]  INFO -- : Something happened
I, [2023-02-23T15:10:33.208444 #68543]  INFO -- : Something happened
I, [2023-02-23T15:11:18.611823 #68708]  INFO -- : Something happened
I, [2023-02-23T15:12:34.758488 #68875]  INFO -- : Something happened
I, [2023-02-23T15:12:38.419568 #68875]  INFO -- : Something happened to 
I, [2023-02-23T15:12:38.419653 #68875]  INFO -- : Something happened to 
I, [2023-02-23T15:18:11.606581 #69831]  INFO -- : Something happened
I, [2023-02-23T15:18:15.107553 #69831]  INFO -- : Something happened to 
I, [2023-02-23T15:18:15.107646 #69831]  INFO -- : Something happened to 
I, [2023-02-23T15:18:54.693624 #69849]  INFO -- : Something happened
I, [2023-02-23T15:18:58.294024 #69849]  INFO -- : Something happened to FK102FB, ward 1

I, [2023-02-23T15:18:58.294165 #69849]  INFO -- : Something happened to FK102FC, ward 2

I, [2023-02-23T15:22:55.426215 #70490]  INFO -- : Something happened
I, [2023-02-23T15:22:58.925392 #70490]  INFO -- : Something happened to FK102FB, ward 1

I, [2023-02-23T15:22:58.925460 #70490]  INFO -- : ward should be 
I, [2023-02-23T15:22:58.925557 #70490]  INFO -- : Something happened to FK102FC, ward 2

I, [2023-02-23T15:22:58.925595 #70490]  INFO -- : ward should be 
I, [2023-02-23T15:24:24.520006 #70810]  INFO -- : Something happened
I, [2023-02-23T15:24:28.010815 #70810]  INFO -- : Something happened to FK102FB, ward 1

I, [2023-02-23T15:24:28.010885 #70810]  INFO -- : ward should be 
I, [2023-02-23T15:24:28.010981 #70810]  INFO -- : Something happened to FK102FC, ward 2

I, [2023-02-23T15:24:28.011010 #70810]  INFO -- : ward should be 
I, [2023-02-23T15:27:34.193326 #71295]  INFO -- : Something happened
I, [2023-02-23T15:27:37.698782 #71295]  INFO -- : Something happened to FK102FB, ward 1

I, [2023-02-23T15:27:37.698850 #71295]  INFO -- : ward should be 
I, [2023-02-23T15:27:37.698985 #71295]  INFO -- : Something happened to FK102FC, ward 2

I, [2023-02-23T15:27:37.699015 #71295]  INFO -- : ward should be 
I, [2023-02-23T15:28:33.190163 #71460]  INFO -- : Something happened
I, [2023-02-23T15:28:36.746325 #71460]  INFO -- : Something happened to FK102FB,ward 1

I, [2023-02-23T15:28:36.746388 #71460]  INFO -- : ward should be ward 1
I, [2023-02-23T15:28:36.901930 #71460]  INFO -- : ward is present
I, [2023-02-23T15:29:26.776524 #71626]  INFO -- : Something happened
I, [2023-02-23T15:29:30.295298 #71626]  INFO -- : Something happened to FK102FB,ward 1

I, [2023-02-23T15:29:30.295367 #71626]  INFO -- : ward should be ward 1
I, [2023-02-23T15:29:30.380422 #71626]  INFO -- : ward is present
I, [2023-02-23T15:32:04.792185 #71963]  INFO -- : Something happened
I, [2023-02-23T15:32:08.389203 #71963]  INFO -- : Something happened to FK102FB,ward 1

I, [2023-02-23T15:32:08.389270 #71963]  INFO -- : ward should be ward 1
I, [2023-02-23T15:32:08.470318 #71963]  INFO -- : ward is present FK102FB
I, [2023-02-23T15:37:21.152513 #72952]  INFO -- : Something happened
I, [2023-02-23T15:37:24.635769 #72952]  INFO -- : Something happened to FK102FB,ward 1

I, [2023-02-23T15:37:24.635834 #72952]  INFO -- : ward should be ward 1
I, [2023-02-23T15:37:24.717803 #72952]  INFO -- : ward is present FK102FB
I, [2023-02-23T15:38:49.173971 #73123]  INFO -- : Something happened
I, [2023-02-23T15:38:52.661016 #73123]  INFO -- : Something happened to FK102FB,ward 1

I, [2023-02-23T15:38:52.661083 #73123]  INFO -- : ward should be ward 1
I, [2023-02-23T15:38:52.742971 #73123]  INFO -- : ward is present FK102FB
I, [2023-02-23T15:39:26.879081 #73286]  INFO -- : Something happened
I, [2023-02-23T15:39:30.443869 #73286]  INFO -- : Something happened to FK102FB,ward 1

I, [2023-02-23T15:39:30.443952 #73286]  INFO -- : ward should be ward 1
I, [2023-02-23T15:39:30.524711 #73286]  INFO -- : ward is present FK102FB
I, [2023-02-23T15:40:33.776562 #73454]  INFO -- : Something happened
I, [2023-02-23T15:40:37.281144 #73454]  INFO -- : Something happened to FK102FB,ward 1

I, [2023-02-23T15:40:37.281211 #73454]  INFO -- : ward should be ward 1
I, [2023-02-23T15:40:37.362812 #73454]  INFO -- : ward is present FK102FB
I, [2023-02-23T15:40:58.963656 #73466]  INFO -- : Something happened
I, [2023-02-23T15:41:02.546451 #73466]  INFO -- : Something happened to FK102FB,ward 1

I, [2023-02-23T15:41:02.546518 #73466]  INFO -- : ward should be ward 1
I, [2023-02-23T15:41:02.627776 #73466]  INFO -- : ward is present FK102FB
I, [2023-02-23T15:41:02.692232 #73466]  INFO -- : Something happened to FK102FC,ward 2

I, [2023-02-23T15:41:02.692327 #73466]  INFO -- : ward should be ward 2
I, [2023-02-23T15:41:02.707738 #73466]  INFO -- : ward is present FK102FC
I, [2023-02-23T15:42:56.844615 #73805]  INFO -- : Something happened
I, [2023-02-23T15:43:00.361467 #73805]  INFO -- : Something happened to FK102FB,ward 1

I, [2023-02-23T15:43:00.361534 #73805]  INFO -- : ward should be ward 1
I, [2023-02-23T15:43:00.442643 #73805]  INFO -- : ward is present FK102FB
I, [2023-02-23T15:43:00.826867 #73805]  INFO -- : Something happened to FK102FC,ward 2

I, [2023-02-23T15:43:00.826960 #73805]  INFO -- : ward should be ward 2
I, [2023-02-23T15:43:00.830060 #73805]  INFO -- : ward is present FK102FC
I, [2023-02-23T17:12:37.759279 #88198]  INFO -- : Something happened
I, [2023-02-23T17:12:41.323619 #88198]  INFO -- : Something happened to FK102FB,ward 1

I, [2023-02-23T17:12:41.323688 #88198]  INFO -- : ward should be ward 1
I, [2023-02-23T17:13:04.879542 #88209]  INFO -- : Something happened
I, [2023-02-23T17:13:08.373734 #88209]  INFO -- : Something happened to FK102FB,ward 1

I, [2023-02-23T17:13:08.373815 #88209]  INFO -- : ward should be ward 1
I, [2023-02-23T17:13:08.476501 #88209]  INFO -- : ward is present FK102FB
I, [2023-02-23T17:13:08.511555 #88209]  INFO -- : Something happened to FK102FC,ward 2

I, [2023-02-23T17:13:08.511644 #88209]  INFO -- : ward should be ward 2
I, [2023-02-23T17:13:08.517266 #88209]  INFO -- : ward is present FK102FC
I, [2023-02-23T17:15:31.808077 #88687]  INFO -- : Something happened
I, [2023-02-23T17:15:35.329958 #88687]  INFO -- : Something happened to FK102FB,ward 1

I, [2023-02-23T17:15:35.330026 #88687]  INFO -- : ward should be ward 1
I, [2023-02-23T17:15:35.439053 #88687]  INFO -- : ward is present FK102FB postcode exists as #<Postcode:0x0000562e88270940>
I, [2023-02-23T17:15:35.470652 #88687]  INFO -- : Something happened to FK102FC,ward 2

I, [2023-02-23T17:15:35.470718 #88687]  INFO -- : ward should be ward 2
I, [2023-02-23T17:15:35.475463 #88687]  INFO -- : ward is present FK102FC postcode exists as #<Postcode:0x0000562e88317150>
I, [2023-02-23T17:27:25.445139 #90605]  INFO -- : Something happened
I, [2023-02-23T17:27:28.949503 #90605]  INFO -- : Something happened to FK102FB,ward 1

I, [2023-02-23T17:27:28.949568 #90605]  INFO -- : ward should be ward 1
I, [2023-02-23T17:27:29.049294 #90605]  INFO -- : ward is present FK102FB postcode exists as #<Postcode:0x000056457ec2e510>
I, [2023-02-23T17:27:29.085540 #90605]  INFO -- : Something happened to FK102FC,ward 2

I, [2023-02-23T17:27:29.085605 #90605]  INFO -- : ward should be ward 2
I, [2023-02-23T17:27:29.090663 #90605]  INFO -- : ward is present FK102FC postcode exists as #<Postcode:0x000056457e813778>
I, [2023-02-23T17:38:57.025085 #92362]  INFO -- : Something happened
I, [2023-02-23T17:39:00.539203 #92362]  INFO -- : Something happened to FK102FB,ward 1

I, [2023-02-23T17:39:00.539269 #92362]  INFO -- : ward should be ward 1
I, [2023-02-23T17:51:36.562655 #94417]  INFO -- : Something happened
I, [2023-02-23T17:51:40.059429 #94417]  INFO -- : Something happened to FK102FB,ward 1

I, [2023-02-23T17:51:40.059489 #94417]  INFO -- : ward should be ward 1
I, [2023-02-23T17:51:40.150383 #94417]  INFO -- : ward is present FK102FB postcode exists as FK102FB
I, [2023-02-23T17:51:40.198653 #94417]  INFO -- : Something happened to FK102FC,ward 3

I, [2023-02-23T17:51:40.198754 #94417]  INFO -- : ward should be ward 3
I, [2023-02-23T17:51:40.216118 #94417]  INFO -- : ward is present FK102FC postcode exists as FK102FC
I, [2023-02-23T17:51:40.231429 #94417]  INFO -- : Something happened to FK102FA,Ward 99

I, [2023-02-23T17:51:40.231508 #94417]  INFO -- : ward should be Ward 99
I, [2023-02-23T17:51:40.258299 #94417]  INFO -- : Something happened to FK104FA,Ward 33

I, [2023-02-23T17:51:40.258398 #94417]  INFO -- : ward should be Ward 33
I, [2023-02-23T18:09:33.577288 #97434]  INFO -- : Something happened
I, [2023-02-23T18:09:37.142087 #97434]  INFO -- : Row being imported is FK102FB,ward 1

I, [2023-02-23T18:09:37.142154 #97434]  INFO -- : ward should be ward 1
I, [2023-02-23T18:09:37.241975 #97434]  INFO -- : ward is present FK102FB postcode exists as FK102FB
I, [2023-02-23T18:10:12.979921 #97621]  INFO -- : Something happened
I, [2023-02-23T18:10:16.484872 #97621]  INFO -- : Row being imported is FK102FB,ward 1

I, [2023-02-23T18:10:16.484940 #97621]  INFO -- : ward should be ward 1
I, [2023-02-23T18:10:16.574590 #97621]  INFO -- : ward is present FK102FB postcode exists as FK102FB
I, [2023-02-23T18:10:41.448271 #97634]  INFO -- : Something happened
I, [2023-02-23T18:10:44.988735 #97634]  INFO -- : Row being imported is FK102FB,ward 1

I, [2023-02-23T18:10:44.988804 #97634]  INFO -- : ward should be ward 1
I, [2023-02-23T18:10:45.079390 #97634]  INFO -- : ward is present FK102FB postcode exists as FK102FB
I, [2023-02-23T18:10:45.239894 #97634]  INFO -- : Row being imported is FK102FC,ward 3

I, [2023-02-23T18:10:45.239958 #97634]  INFO -- : ward should be ward 3
I, [2023-02-23T18:10:45.256082 #97634]  INFO -- : Row being imported is FK102FA,Ward 99

I, [2023-02-23T18:10:45.256131 #97634]  INFO -- : ward should be Ward 99
I, [2023-02-23T18:10:45.273088 #97634]  INFO -- : Row being imported is FK104FA,Ward 33

I, [2023-02-23T18:10:45.273149 #97634]  INFO -- : ward should be Ward 33
I, [2023-02-23T18:11:26.154056 #97797]  INFO -- : Something happened
I, [2023-02-23T18:11:29.664572 #97797]  INFO -- : Row being imported is FK102FB,ward 100

I, [2023-02-23T18:11:29.664632 #97797]  INFO -- : ward should be ward 100
I, [2023-02-23T18:11:30.192602 #97797]  INFO -- : ward is present FK102FB postcode exists as FK102FB
I, [2023-02-23T18:11:30.348620 #97797]  INFO -- : Row being imported is FK102FC,ward 100

I, [2023-02-23T18:11:30.348690 #97797]  INFO -- : ward should be ward 100
I, [2023-02-23T18:11:30.365222 #97797]  INFO -- : Row being imported is FK102FA,Ward 100

I, [2023-02-23T18:11:30.365290 #97797]  INFO -- : ward should be Ward 100
I, [2023-02-23T18:11:30.398582 #97797]  INFO -- : Row being imported is FK104FA,Ward 33

I, [2023-02-23T18:11:30.398648 #97797]  INFO -- : ward should be Ward 33
I, [2023-02-23T18:15:35.899376 #98453]  INFO -- : Something happened
I, [2023-02-23T18:15:39.435454 #98453]  INFO -- : Row being imported is FK102FB,ward 100

I, [2023-02-23T18:15:39.435521 #98453]  INFO -- : ward should be ward 100
I, [2023-02-23T18:15:39.584191 #98453]  INFO -- : Row being imported is FK102FC,ward 100

I, [2023-02-23T18:15:39.584258 #98453]  INFO -- : ward should be ward 100
I, [2023-02-23T18:15:39.589332 #98453]  INFO -- : ward is present FK102FC postcode exists as FK102FC
I, [2023-02-23T18:15:39.617413 #98453]  INFO -- : Row being imported is FK102FA,Ward 100

I, [2023-02-23T18:15:39.617468 #98453]  INFO -- : ward should be Ward 100
I, [2023-02-23T18:15:39.633831 #98453]  INFO -- : Row being imported is FK104FA,Ward 33

I, [2023-02-23T18:15:39.633896 #98453]  INFO -- : ward should be Ward 33
I, [2023-02-23T18:15:55.852182 #98463]  INFO -- : Something happened
I, [2023-02-23T18:15:59.413227 #98463]  INFO -- : Row being imported is FK102FB,ward 100

I, [2023-02-23T18:15:59.413292 #98463]  INFO -- : ward should be ward 100
I, [2023-02-23T18:15:59.550476 #98463]  INFO -- : Row being imported is FK102FC,ward 100

I, [2023-02-23T18:15:59.550545 #98463]  INFO -- : ward should be ward 100
I, [2023-02-23T18:15:59.554799 #98463]  INFO -- : ward is present FK102FC postcode exists as FK102FC
I, [2023-02-23T18:15:59.591608 #98463]  INFO -- : Row being imported is FK102FA,Ward 100

I, [2023-02-23T18:15:59.591657 #98463]  INFO -- : ward should be Ward 100
I, [2023-02-23T18:15:59.608851 #98463]  INFO -- : Row being imported is FK104FA,Ward 33

I, [2023-02-23T18:15:59.608906 #98463]  INFO -- : ward should be Ward 33
I, [2023-02-23T18:19:14.829032 #99130]  INFO -- : Something happened
I, [2023-02-23T18:19:18.353225 #99130]  INFO -- : Row being imported is FK102FB,ward 100

I, [2023-02-23T18:19:18.353293 #99130]  INFO -- : ward should be ward 100
I, [2023-02-23T18:19:18.442024 #99130]  INFO -- : Row being imported is FK102FC,ward 100

I, [2023-02-23T18:19:18.442079 #99130]  INFO -- : ward should be ward 100
I, [2023-02-23T18:19:18.445269 #99130]  INFO -- : ward is present FK102FC postcode exists as FK102FC
I, [2023-02-23T18:19:18.502365 #99130]  INFO -- : Row being imported is FK102FA,Ward 100

I, [2023-02-23T18:19:18.502428 #99130]  INFO -- : ward should be Ward 100
I, [2023-02-23T18:19:18.506628 #99130]  INFO -- : Row being imported is FK104FA,Ward 33

I, [2023-02-23T18:19:18.506695 #99130]  INFO -- : ward should be Ward 33
